<?xml version="1.0" encoding="UTF-8"?>
<!-- Generated by org.testng.reporters.JUnitReportReporter -->
<testsuite hostname="Achu" failures="0" tests="9" name="testCases.DemoLoginTest" time="25.702" errors="0" timestamp="2024-10-15T20:16:04 BST" skipped="0">
  <testcase classname="testCases.DemoLoginTest" name="emptyLoginSubmission" time="0.838"/>
  <testcase classname="testCases.DemoLoginTest" name="emptyLoginSubmission" time="0.920"/>
  <testcase classname="testCases.DemoLoginTest" name="emptyLoginSubmission" time="1.252"/>
  <testcase classname="testCases.DemoLoginTest" name="invalidLoginSubmission" time="5.240"/>
  <testcase classname="testCases.DemoLoginTest" name="invalidLoginSubmission" time="5.131"/>
  <testcase classname="testCases.DemoLoginTest" name="invalidLoginSubmission" time="4.361"/>
  <testcase classname="testCases.DemoLoginTest" name="validLoginSubmission" time="3.463"/>
  <testcase classname="testCases.DemoLoginTest" name="validLoginSubmission" time="1.739"/>
  <testcase classname="testCases.DemoLoginTest" name="validLoginSubmission" time="2.758"/>
</testsuite> <!-- testCases.DemoLoginTest -->
