<?xml version="1.0" encoding="UTF-8"?>
<!-- Generated by org.testng.reporters.JUnitReportReporter -->
<testsuite hostname="Achu" failures="0" tests="3" name="testCases.DemoLoginTest" time="9.017" errors="0" timestamp="2024-10-10T21:02:53 BST" skipped="0">
  <testcase classname="testCases.DemoLoginTest" name="emptyLoginSubmission" time="1.251"/>
  <testcase classname="testCases.DemoLoginTest" name="invalidLoginSubmission" time="5.047"/>
  <testcase classname="testCases.DemoLoginTest" name="validLoginSubmission" time="2.719"/>
</testsuite> <!-- testCases.DemoLoginTest -->
