<?xml version="1.0" encoding="UTF-8"?>
<!-- Generated by org.testng.reporters.JUnitReportReporter -->
<testsuite hostname="Achu" failures="0" tests="5" name="testCases.DemoRegisterTest" time="30.719" errors="0" timestamp="2024-10-12T21:54:46 BST" skipped="0">
  <testcase classname="testCases.DemoRegisterTest" name="redirectToRegisterPage" time="2.116"/>
  <testcase classname="testCases.DemoRegisterTest" name="fillingRegisterForm" time="10.067"/>
  <testcase classname="testCases.DemoRegisterTest" name="submitEmptyRegistration" time="1.783"/>
  <testcase classname="testCases.DemoRegisterTest" name="invalidRegistration" time="7.047"/>
  <testcase classname="testCases.DemoRegisterTest" name="invalidRegistration" time="9.706"/>
</testsuite> <!-- testCases.DemoRegisterTest -->
