<?xml version="1.0" encoding="UTF-8"?>
<!-- Generated by org.testng.reporters.JUnitReportReporter -->
<testsuite hostname="Achu" failures="0" tests="15" name="testCases.DemoRegisterTest" time="55.098" errors="0" timestamp="2024-10-15T20:16:04 BST" skipped="0">
  <testcase classname="testCases.DemoRegisterTest" name="redirectToRegisterPage" time="1.086"/>
  <testcase classname="testCases.DemoRegisterTest" name="redirectToRegisterPage" time="1.571"/>
  <testcase classname="testCases.DemoRegisterTest" name="redirectToRegisterPage" time="0.789"/>
  <testcase classname="testCases.DemoRegisterTest" name="fillingRegisterForm" time="6.818"/>
  <testcase classname="testCases.DemoRegisterTest" name="fillingRegisterForm" time="5.684"/>
  <testcase classname="testCases.DemoRegisterTest" name="fillingRegisterForm" time="2.337"/>
  <testcase classname="testCases.DemoRegisterTest" name="submitEmptyRegistration" time="1.275"/>
  <testcase classname="testCases.DemoRegisterTest" name="submitEmptyRegistration" time="0.896"/>
  <testcase classname="testCases.DemoRegisterTest" name="submitEmptyRegistration" time="1.465"/>
  <testcase classname="testCases.DemoRegisterTest" name="invalidRegistration" time="8.101"/>
  <testcase classname="testCases.DemoRegisterTest" name="invalidRegistration" time="6.428"/>
  <testcase classname="testCases.DemoRegisterTest" name="invalidRegistration" time="7.221"/>
  <testcase classname="testCases.DemoRegisterTest" name="invalidRegistration" time="2.650"/>
  <testcase classname="testCases.DemoRegisterTest" name="invalidRegistration" time="6.497"/>
  <testcase classname="testCases.DemoRegisterTest" name="invalidRegistration" time="2.280"/>
</testsuite> <!-- testCases.DemoRegisterTest -->
