<?xml version="1.0" encoding="UTF-8"?>
<!-- Generated by org.testng.reporters.JUnitReportReporter -->
<testsuite hostname="Achu" failures="0" tests="5" name="testCases.DemoRegisterTest" time="30.905" errors="0" timestamp="2024-10-10T21:02:53 BST" skipped="0">
  <testcase classname="testCases.DemoRegisterTest" name="redirectToRegisterPage" time="3.094"/>
  <testcase classname="testCases.DemoRegisterTest" name="fillingRegisterForm" time="13.688"/>
  <testcase classname="testCases.DemoRegisterTest" name="submitEmptyRegistration" time="1.746"/>
  <testcase classname="testCases.DemoRegisterTest" name="invalidRegistration" time="5.560"/>
  <testcase classname="testCases.DemoRegisterTest" name="invalidRegistration" time="6.817"/>
</testsuite> <!-- testCases.DemoRegisterTest -->
