<?xml version="1.0" encoding="UTF-8"?>
<!-- Generated by org.testng.reporters.JUnitReportReporter -->
<testsuite hostname="Achu" failures="0" tests="3" name="testCases.DemoLoginTest" time="10.028" errors="0" timestamp="2024-10-12T21:54:46 BST" skipped="0">
  <testcase classname="testCases.DemoLoginTest" name="emptyLoginSubmission" time="1.617"/>
  <testcase classname="testCases.DemoLoginTest" name="invalidLoginSubmission" time="5.598"/>
  <testcase classname="testCases.DemoLoginTest" name="validLoginSubmission" time="2.813"/>
</testsuite> <!-- testCases.DemoLoginTest -->
