<?xml version="1.0" encoding="UTF-8"?>
<!-- Generated by org.testng.reporters.JUnitReportReporter -->
<testsuite hostname="Achu" failures="0" tests="3" name="testCases.demo_Login_Test" time="16.433" errors="0" timestamp="2024-10-06T21:10:56 BST" skipped="0">
  <testcase classname="testCases.demo_Login_Test" name="empty_login_submission" time="1.648"/>
  <testcase classname="testCases.demo_Login_Test" name="invalid_login_submission" time="4.650"/>
  <testcase classname="testCases.demo_Login_Test" name="valid_login_submission" time="10.135"/>
</testsuite> <!-- testCases.demo_Login_Test -->
