<?xml version="1.0" encoding="UTF-8"?>
<!-- Generated by org.testng.reporters.JUnitReportReporter -->
<testsuite hostname="Achu" failures="0" tests="5" name="testCases.DemoRegisterTest" time="22.459" errors="0" timestamp="2024-10-09T22:27:08 BST" skipped="0">
  <testcase classname="testCases.DemoRegisterTest" name="redirectToRegisterPage" time="1.173"/>
  <testcase classname="testCases.DemoRegisterTest" name="fillingRegisterForm" time="5.963"/>
  <testcase classname="testCases.DemoRegisterTest" name="submitEmptyRegistration" time="1.943"/>
  <testcase classname="testCases.DemoRegisterTest" name="invalidRegistration" time="8.644"/>
  <testcase classname="testCases.DemoRegisterTest" name="invalidRegistration" time="4.736"/>
</testsuite> <!-- testCases.DemoRegisterTest -->
