<?xml version="1.0" encoding="UTF-8"?>
<!-- Generated by org.testng.reporters.JUnitReportReporter -->
<testsuite hostname="Achu" failures="0" tests="3" name="testCases.DemoLoginTest" time="7.949" errors="0" timestamp="2024-10-09T22:27:08 BST" skipped="0">
  <testcase classname="testCases.DemoLoginTest" name="emptyLoginSubmission" time="0.781"/>
  <testcase classname="testCases.DemoLoginTest" name="invalidLoginSubmission" time="4.837"/>
  <testcase classname="testCases.DemoLoginTest" name="validLoginSubmission" time="2.331"/>
</testsuite> <!-- testCases.DemoLoginTest -->
